<?xml version="1.0" encoding="UTF-8"?>
<!-- Generated by org.testng.reporters.JUnitReportReporter -->
<testsuite skipped="0" hostname="QAPLANET-PC" name="IMS.LoginTest" tests="5" failures="0" timestamp="11 Dec 2019 07:17:38 GMT" time="40.244" errors="0">
  <testcase name="TC1_1" time="8.124" classname="IMS.LoginTest"/>
  <testcase name="TC1_2" time="8.110" classname="IMS.LoginTest"/>
  <testcase name="TC1_3" time="7.828" classname="IMS.LoginTest"/>
  <testcase name="TC1_4" time="8.558" classname="IMS.LoginTest"/>
  <testcase name="TC1_5" time="7.624" classname="IMS.LoginTest"/>
</testsuite> <!-- IMS.LoginTest -->
